2024-04-19 14:15:12,895 INFO  [main] home.practice.spring.BookController.logStarting.55 : Starting BookController using Java 1.8.0_202 on LAPTOP-LO0BGQ4H with PID 8520 (C:\Java-projects\spring-boot-library-poject\target\classes started by LENOVO in C:\Java-projects\spring-boot-library-poject)
2024-04-19 14:15:12,905 INFO  [main] home.practice.spring.BookController.logStartupProfileInfo.659 : No active profile set, falling back to default profiles: default
2024-04-19 14:15:14,113 INFO  [main] org.springframework.data.repository.config.RepositoryConfigurationDelegate.registerRepositoriesIn.132 : Bootstrapping Spring Data JPA repositories in DEFAULT mode.
2024-04-19 14:15:14,213 INFO  [main] org.springframework.data.repository.config.RepositoryConfigurationDelegate.registerRepositoriesIn.201 : Finished Spring Data repository scanning in 82 ms. Found 3 JPA repository interfaces.
2024-04-19 14:15:15,106 INFO  [main] org.springframework.boot.web.embedded.tomcat.TomcatWebServer.initialize.108 : Tomcat initialized with port(s): 8080 (http)
2024-04-19 14:15:15,118 INFO  [main] org.apache.catalina.core.StandardService.log.173 : Starting service [Tomcat]
2024-04-19 14:15:15,119 INFO  [main] org.apache.catalina.core.StandardEngine.log.173 : Starting Servlet engine: [Apache Tomcat/9.0.48]
2024-04-19 14:15:15,232 INFO  [main] org.apache.catalina.core.ContainerBase.[Tomcat].[localhost].[/].log.173 : Initializing Spring embedded WebApplicationContext
2024-04-19 14:15:15,232 INFO  [main] org.springframework.boot.web.servlet.context.ServletWebServerApplicationContext.prepareWebApplicationContext.290 : Root WebApplicationContext: initialization completed in 2250 ms
2024-04-19 14:15:15,284 INFO  [main] com.zaxxer.hikari.HikariDataSource.getConnection.110 : HikariPool-1 - Starting...
2024-04-19 14:15:15,521 INFO  [main] com.zaxxer.hikari.HikariDataSource.getConnection.123 : HikariPool-1 - Start completed.
2024-04-19 14:15:15,530 INFO  [main] org.springframework.boot.autoconfigure.h2.H2ConsoleAutoConfiguration.lambda$h2Console$0.68 : H2 console available at '/h2-console'. Database available at 'jdbc:h2:mem:ganeshdb'
2024-04-19 14:15:15,825 INFO  [main] org.hibernate.jpa.internal.util.LogHelper.logPersistenceUnitInformation.31 : HHH000204: Processing PersistenceUnitInfo [name: default]
2024-04-19 14:15:15,905 INFO  [main] org.hibernate.Version.logVersion.44 : HHH000412: Hibernate ORM core version 5.4.32.Final
2024-04-19 14:15:16,094 INFO  [main] org.hibernate.annotations.common.Version.<clinit>.56 : HCANN000001: Hibernate Commons Annotations {5.1.2.Final}
2024-04-19 14:15:16,225 INFO  [main] org.hibernate.dialect.Dialect.<init>.175 : HHH000400: Using dialect: org.hibernate.dialect.H2Dialect
2024-04-19 14:15:16,968 INFO  [main] org.hibernate.engine.transaction.jta.platform.internal.JtaPlatformInitiator.initiateService.52 : HHH000490: Using JtaPlatform implementation: [org.hibernate.engine.transaction.jta.platform.internal.NoJtaPlatform]
2024-04-19 14:15:16,977 INFO  [main] org.springframework.orm.jpa.LocalContainerEntityManagerFactoryBean.buildNativeEntityManagerFactory.437 : Initialized JPA EntityManagerFactory for persistence unit 'default'
2024-04-19 14:15:17,578 WARN  [main] org.springframework.boot.autoconfigure.orm.jpa.JpaBaseConfiguration$JpaWebConfiguration.openEntityManagerInViewInterceptor.219 : spring.jpa.open-in-view is enabled by default. Therefore, database queries may be performed during view rendering. Explicitly configure spring.jpa.open-in-view to disable this warning
2024-04-19 14:15:18,034 INFO  [main] org.springframework.boot.web.embedded.tomcat.TomcatWebServer.start.220 : Tomcat started on port(s): 8080 (http) with context path ''
2024-04-19 14:15:18,047 INFO  [main] home.practice.spring.BookController.logStarted.61 : Started BookController in 5.803 seconds (JVM running for 6.4)
2024-04-19 14:15:29,123 INFO  [http-nio-8080-exec-1] org.apache.catalina.core.ContainerBase.[Tomcat].[localhost].[/].log.173 : Initializing Spring DispatcherServlet 'dispatcherServlet'
2024-04-19 14:15:29,124 INFO  [http-nio-8080-exec-1] org.springframework.web.servlet.DispatcherServlet.initServletBean.525 : Initializing Servlet 'dispatcherServlet'
2024-04-19 14:15:29,125 INFO  [http-nio-8080-exec-1] org.springframework.web.servlet.DispatcherServlet.initServletBean.547 : Completed initialization in 1 ms
2024-04-19 14:15:29,379 INFO  [http-nio-8080-exec-1] home.practice.spring.BookController.saveBook.56 : book: Book(id=null, bookNumber=1, bookName=java sparing boot, autherName=abc, isbnNumber=3456789, price=null)
2024-04-19 14:15:29,471 INFO  [http-nio-8080-exec-1] home.practice.spring.BookController.saveBook.59 : Book is saved :Book(id=1, bookNumber=1, bookName=java sparing boot, autherName=abc, isbnNumber=3456789, price=null) 
2024-04-19 15:13:58,672 WARN  [HikariPool-1 housekeeper] com.zaxxer.hikari.pool.HikariPool.run.788 : HikariPool-1 - Thread starvation or clock leap detected (housekeeper delta=35m12s629ms199µs300ns).
2024-04-19 16:34:39,821 INFO  [http-nio-8080-exec-4] home.practice.spring.BookController.saveBook.56 : book: Book(id=null, bookNumber=1, bookName=java sparing boot, autherName=abc, isbnNumber=3456789, price=null)
2024-04-19 16:34:39,942 WARN  [http-nio-8080-exec-4] org.hibernate.engine.jdbc.spi.SqlExceptionHelper.logExceptions.137 : SQL Error: 90036, SQLState: 90036
2024-04-19 16:34:39,953 ERROR [http-nio-8080-exec-4] org.hibernate.engine.jdbc.spi.SqlExceptionHelper.logExceptions.142 : Sequence "HIBERNATE_SEQUENCE" not found; SQL statement:
call next value for hibernate_sequence [90036-200]
2024-04-19 16:34:40,070 ERROR [http-nio-8080-exec-4] org.apache.catalina.core.ContainerBase.[Tomcat].[localhost].[/].[dispatcherServlet].log.175 : Servlet.service() for servlet [dispatcherServlet] in context with path [] threw exception [Request processing failed; nested exception is org.springframework.dao.InvalidDataAccessResourceUsageException: could not prepare statement; SQL [call next value for hibernate_sequence]; nested exception is org.hibernate.exception.SQLGrammarException: could not prepare statement] with root cause
org.h2.jdbc.JdbcSQLSyntaxErrorException: Sequence "HIBERNATE_SEQUENCE" not found; SQL statement:
call next value for hibernate_sequence [90036-200]
	at org.h2.message.DbException.getJdbcSQLException(DbException.java:576)
	at org.h2.message.DbException.getJdbcSQLException(DbException.java:429)
	at org.h2.message.DbException.get(DbException.java:205)
	at org.h2.message.DbException.get(DbException.java:181)
	at org.h2.command.Parser.readSequence(Parser.java:7678)
	at org.h2.command.Parser.readTermWithIdentifier(Parser.java:4593)
	at org.h2.command.Parser.readTerm(Parser.java:4311)
	at org.h2.command.Parser.readFactor(Parser.java:3343)
	at org.h2.command.Parser.readSum(Parser.java:3330)
	at org.h2.command.Parser.readConcat(Parser.java:3305)
	at org.h2.command.Parser.readCondition(Parser.java:3108)
	at org.h2.command.Parser.readExpression(Parser.java:3059)
	at org.h2.command.Parser.parseCall(Parser.java:6480)
	at org.h2.command.Parser.parsePrepared(Parser.java:905)
	at org.h2.command.Parser.parse(Parser.java:843)
	at org.h2.command.Parser.parse(Parser.java:815)
	at org.h2.command.Parser.prepareCommand(Parser.java:738)
	at org.h2.engine.Session.prepareLocal(Session.java:657)
	at org.h2.engine.Session.prepareCommand(Session.java:595)
	at org.h2.jdbc.JdbcConnection.prepareCommand(JdbcConnection.java:1235)
	at org.h2.jdbc.JdbcPreparedStatement.<init>(JdbcPreparedStatement.java:76)
	at org.h2.jdbc.JdbcConnection.prepareStatement(JdbcConnection.java:352)
	at com.zaxxer.hikari.pool.ProxyConnection.prepareStatement(ProxyConnection.java:337)
	at com.zaxxer.hikari.pool.HikariProxyConnection.prepareStatement(HikariProxyConnection.java)
	at org.hibernate.engine.jdbc.internal.StatementPreparerImpl$1.doPrepare(StatementPreparerImpl.java:90)
	at org.hibernate.engine.jdbc.internal.StatementPreparerImpl$StatementPreparationTemplate.prepareStatement(StatementPreparerImpl.java:176)
	at org.hibernate.engine.jdbc.internal.StatementPreparerImpl.prepareStatement(StatementPreparerImpl.java:75)
	at org.hibernate.id.enhanced.SequenceStructure$1.getNextValue(SequenceStructure.java:93)
	at org.hibernate.id.enhanced.NoopOptimizer.generate(NoopOptimizer.java:40)
	at org.hibernate.id.enhanced.SequenceStyleGenerator.generate(SequenceStyleGenerator.java:523)
	at org.hibernate.event.internal.AbstractSaveEventListener.saveWithGeneratedId(AbstractSaveEventListener.java:115)
	at org.hibernate.event.internal.DefaultPersistEventListener.entityIsTransient(DefaultPersistEventListener.java:185)
	at org.hibernate.event.internal.DefaultPersistEventListener.onPersist(DefaultPersistEventListener.java:128)
	at org.hibernate.event.internal.DefaultPersistEventListener.onPersist(DefaultPersistEventListener.java:55)
	at org.hibernate.event.service.internal.EventListenerGroupImpl.fireEventOnEachListener(EventListenerGroupImpl.java:99)
	at org.hibernate.internal.SessionImpl.firePersist(SessionImpl.java:720)
	at org.hibernate.internal.SessionImpl.persist(SessionImpl.java:706)
	at sun.reflect.NativeMethodAccessorImpl.invoke0(Native Method)
	at sun.reflect.NativeMethodAccessorImpl.invoke(NativeMethodAccessorImpl.java:62)
	at sun.reflect.DelegatingMethodAccessorImpl.invoke(DelegatingMethodAccessorImpl.java:43)
	at java.lang.reflect.Method.invoke(Method.java:498)
	at org.springframework.orm.jpa.ExtendedEntityManagerCreator$ExtendedEntityManagerInvocationHandler.invoke(ExtendedEntityManagerCreator.java:362)
	at com.sun.proxy.$Proxy77.persist(Unknown Source)
	at sun.reflect.NativeMethodAccessorImpl.invoke0(Native Method)
	at sun.reflect.NativeMethodAccessorImpl.invoke(NativeMethodAccessorImpl.java:62)
	at sun.reflect.DelegatingMethodAccessorImpl.invoke(DelegatingMethodAccessorImpl.java:43)
	at java.lang.reflect.Method.invoke(Method.java:498)
	at org.springframework.orm.jpa.SharedEntityManagerCreator$SharedEntityManagerInvocationHandler.invoke(SharedEntityManagerCreator.java:311)
	at com.sun.proxy.$Proxy77.persist(Unknown Source)
	at org.springframework.data.jpa.repository.support.SimpleJpaRepository.save(SimpleJpaRepository.java:597)
	at sun.reflect.NativeMethodAccessorImpl.invoke0(Native Method)
	at sun.reflect.NativeMethodAccessorImpl.invoke(NativeMethodAccessorImpl.java:62)
	at sun.reflect.DelegatingMethodAccessorImpl.invoke(DelegatingMethodAccessorImpl.java:43)
	at java.lang.reflect.Method.invoke(Method.java:498)
	at org.springframework.data.repository.core.support.RepositoryMethodInvoker$RepositoryFragmentMethodInvoker.lambda$new$0(RepositoryMethodInvoker.java:289)
	at org.springframework.data.repository.core.support.RepositoryMethodInvoker.doInvoke(RepositoryMethodInvoker.java:137)
	at org.springframework.data.repository.core.support.RepositoryMethodInvoker.invoke(RepositoryMethodInvoker.java:121)
	at org.springframework.data.repository.core.support.RepositoryComposition$RepositoryFragments.invoke(RepositoryComposition.java:529)
	at org.springframework.data.repository.core.support.RepositoryComposition.invoke(RepositoryComposition.java:285)
	at org.springframework.data.repository.core.support.RepositoryFactorySupport$ImplementationMethodExecutionInterceptor.invoke(RepositoryFactorySupport.java:599)
	at org.springframework.aop.framework.ReflectiveMethodInvocation.proceed(ReflectiveMethodInvocation.java:186)
	at org.springframework.data.repository.core.support.QueryExecutorMethodInterceptor.doInvoke(QueryExecutorMethodInterceptor.java:163)
	at org.springframework.data.repository.core.support.QueryExecutorMethodInterceptor.invoke(QueryExecutorMethodInterceptor.java:138)
	at org.springframework.aop.framework.ReflectiveMethodInvocation.proceed(ReflectiveMethodInvocation.java:186)
	at org.springframework.data.projection.DefaultMethodInvokingMethodInterceptor.invoke(DefaultMethodInvokingMethodInterceptor.java:80)
	at org.springframework.aop.framework.ReflectiveMethodInvocation.proceed(ReflectiveMethodInvocation.java:186)
	at org.springframework.transaction.interceptor.TransactionInterceptor$1.proceedWithInvocation(TransactionInterceptor.java:123)
	at org.springframework.transaction.interceptor.TransactionAspectSupport.invokeWithinTransaction(TransactionAspectSupport.java:388)
	at org.springframework.transaction.interceptor.TransactionInterceptor.invoke(TransactionInterceptor.java:119)
	at org.springframework.aop.framework.ReflectiveMethodInvocation.proceed(ReflectiveMethodInvocation.java:186)
	at org.springframework.dao.support.PersistenceExceptionTranslationInterceptor.invoke(PersistenceExceptionTranslationInterceptor.java:137)
	at org.springframework.aop.framework.ReflectiveMethodInvocation.proceed(ReflectiveMethodInvocation.java:186)
	at org.springframework.data.jpa.repository.support.CrudMethodMetadataPostProcessor$CrudMethodMetadataPopulatingMethodInterceptor.invoke(CrudMethodMetadataPostProcessor.java:174)
	at org.springframework.aop.framework.ReflectiveMethodInvocation.proceed(ReflectiveMethodInvocation.java:186)
	at org.springframework.aop.interceptor.ExposeInvocationInterceptor.invoke(ExposeInvocationInterceptor.java:97)
	at org.springframework.aop.framework.ReflectiveMethodInvocation.proceed(ReflectiveMethodInvocation.java:186)
	at org.springframework.aop.framework.JdkDynamicAopProxy.invoke(JdkDynamicAopProxy.java:215)
	at com.sun.proxy.$Proxy81.save(Unknown Source)
	at home.practice.spring.service.BookService.saveBook(BookService.java:32)
	at home.practice.spring.service.BookService$$FastClassBySpringCGLIB$$6b3f5f56.invoke(<generated>)
	at org.springframework.cglib.proxy.MethodProxy.invoke(MethodProxy.java:218)
	at org.springframework.aop.framework.CglibAopProxy$DynamicAdvisedInterceptor.intercept(CglibAopProxy.java:688)
	at home.practice.spring.service.BookService$$EnhancerBySpringCGLIB$$1969aa81.saveBook(<generated>)
	at home.practice.spring.BookController.saveBook(BookController.java:57)
	at sun.reflect.NativeMethodAccessorImpl.invoke0(Native Method)
	at sun.reflect.NativeMethodAccessorImpl.invoke(NativeMethodAccessorImpl.java:62)
	at sun.reflect.DelegatingMethodAccessorImpl.invoke(DelegatingMethodAccessorImpl.java:43)
	at java.lang.reflect.Method.invoke(Method.java:498)
	at org.springframework.web.method.support.InvocableHandlerMethod.doInvoke(InvocableHandlerMethod.java:197)
	at org.springframework.web.method.support.InvocableHandlerMethod.invokeForRequest(InvocableHandlerMethod.java:141)
	at org.springframework.web.servlet.mvc.method.annotation.ServletInvocableHandlerMethod.invokeAndHandle(ServletInvocableHandlerMethod.java:106)
	at org.springframework.web.servlet.mvc.method.annotation.RequestMappingHandlerAdapter.invokeHandlerMethod(RequestMappingHandlerAdapter.java:894)
	at org.springframework.web.servlet.mvc.method.annotation.RequestMappingHandlerAdapter.handleInternal(RequestMappingHandlerAdapter.java:808)
	at org.springframework.web.servlet.mvc.method.AbstractHandlerMethodAdapter.handle(AbstractHandlerMethodAdapter.java:87)
	at org.springframework.web.servlet.DispatcherServlet.doDispatch(DispatcherServlet.java:1063)
	at org.springframework.web.servlet.DispatcherServlet.doService(DispatcherServlet.java:963)
	at org.springframework.web.servlet.FrameworkServlet.processRequest(FrameworkServlet.java:1006)
	at org.springframework.web.servlet.FrameworkServlet.doPut(FrameworkServlet.java:920)
	at javax.servlet.http.HttpServlet.service(HttpServlet.java:684)
	at org.springframework.web.servlet.FrameworkServlet.service(FrameworkServlet.java:883)
	at javax.servlet.http.HttpServlet.service(HttpServlet.java:764)
	at org.apache.catalina.core.ApplicationFilterChain.internalDoFilter(ApplicationFilterChain.java:228)
	at org.apache.catalina.core.ApplicationFilterChain.doFilter(ApplicationFilterChain.java:163)
	at org.apache.tomcat.websocket.server.WsFilter.doFilter(WsFilter.java:53)
	at org.apache.catalina.core.ApplicationFilterChain.internalDoFilter(ApplicationFilterChain.java:190)
	at org.apache.catalina.core.ApplicationFilterChain.doFilter(ApplicationFilterChain.java:163)
	at org.springframework.web.filter.RequestContextFilter.doFilterInternal(RequestContextFilter.java:100)
	at org.springframework.web.filter.OncePerRequestFilter.doFilter(OncePerRequestFilter.java:119)
	at org.apache.catalina.core.ApplicationFilterChain.internalDoFilter(ApplicationFilterChain.java:190)
	at org.apache.catalina.core.ApplicationFilterChain.doFilter(ApplicationFilterChain.java:163)
	at org.springframework.web.filter.FormContentFilter.doFilterInternal(FormContentFilter.java:93)
	at org.springframework.web.filter.OncePerRequestFilter.doFilter(OncePerRequestFilter.java:119)
	at org.apache.catalina.core.ApplicationFilterChain.internalDoFilter(ApplicationFilterChain.java:190)
	at org.apache.catalina.core.ApplicationFilterChain.doFilter(ApplicationFilterChain.java:163)
	at org.springframework.web.filter.CharacterEncodingFilter.doFilterInternal(CharacterEncodingFilter.java:201)
	at org.springframework.web.filter.OncePerRequestFilter.doFilter(OncePerRequestFilter.java:119)
	at org.apache.catalina.core.ApplicationFilterChain.internalDoFilter(ApplicationFilterChain.java:190)
	at org.apache.catalina.core.ApplicationFilterChain.doFilter(ApplicationFilterChain.java:163)
	at org.apache.catalina.core.StandardWrapperValve.invoke(StandardWrapperValve.java:202)
	at org.apache.catalina.core.StandardContextValve.invoke(StandardContextValve.java:97)
	at org.apache.catalina.authenticator.AuthenticatorBase.invoke(AuthenticatorBase.java:542)
	at org.apache.catalina.core.StandardHostValve.invoke(StandardHostValve.java:143)
	at org.apache.catalina.valves.ErrorReportValve.invoke(ErrorReportValve.java:92)
	at org.apache.catalina.core.StandardEngineValve.invoke(StandardEngineValve.java:78)
	at org.apache.catalina.connector.CoyoteAdapter.service(CoyoteAdapter.java:357)
	at org.apache.coyote.http11.Http11Processor.service(Http11Processor.java:382)
	at org.apache.coyote.AbstractProcessorLight.process(AbstractProcessorLight.java:65)
	at org.apache.coyote.AbstractProtocol$ConnectionHandler.process(AbstractProtocol.java:893)
	at org.apache.tomcat.util.net.NioEndpoint$SocketProcessor.doRun(NioEndpoint.java:1723)
	at org.apache.tomcat.util.net.SocketProcessorBase.run(SocketProcessorBase.java:49)
	at java.util.concurrent.ThreadPoolExecutor.runWorker(ThreadPoolExecutor.java:1149)
	at java.util.concurrent.ThreadPoolExecutor$Worker.run(ThreadPoolExecutor.java:624)
	at org.apache.tomcat.util.threads.TaskThread$WrappingRunnable.run(TaskThread.java:61)
	at java.lang.Thread.run(Thread.java:748)
2024-04-19 16:35:44,895 INFO  [SpringApplicationShutdownHook] org.springframework.orm.jpa.LocalContainerEntityManagerFactoryBean.destroy.651 : Closing JPA EntityManagerFactory for persistence unit 'default'
2024-04-19 16:35:44,899 INFO  [SpringApplicationShutdownHook] org.hibernate.tool.schema.internal.SchemaDropperImpl$DelayedDropActionImpl.perform.526 : HHH000477: Starting delayed evictData of schema as part of SessionFactory shut-down'
2024-04-19 16:35:44,923 INFO  [SpringApplicationShutdownHook] com.zaxxer.hikari.HikariDataSource.close.350 : HikariPool-1 - Shutdown initiated...
2024-04-19 16:35:44,931 INFO  [SpringApplicationShutdownHook] com.zaxxer.hikari.HikariDataSource.close.352 : HikariPool-1 - Shutdown completed.
2024-04-19 16:36:03,113 INFO  [main] home.practice.spring.BookController.logStarting.55 : Starting BookController using Java 1.8.0_202 on LAPTOP-LO0BGQ4H with PID 17640 (C:\Java-projects\spring-boot-library-poject\target\classes started by LENOVO in C:\Java-projects\spring-boot-library-poject)
2024-04-19 16:36:03,118 INFO  [main] home.practice.spring.BookController.logStartupProfileInfo.659 : No active profile set, falling back to default profiles: default
2024-04-19 16:36:04,208 INFO  [main] org.springframework.data.repository.config.RepositoryConfigurationDelegate.registerRepositoriesIn.132 : Bootstrapping Spring Data JPA repositories in DEFAULT mode.
2024-04-19 16:36:04,291 INFO  [main] org.springframework.data.repository.config.RepositoryConfigurationDelegate.registerRepositoriesIn.201 : Finished Spring Data repository scanning in 69 ms. Found 3 JPA repository interfaces.
2024-04-19 16:36:05,411 INFO  [main] org.springframework.boot.web.embedded.tomcat.TomcatWebServer.initialize.108 : Tomcat initialized with port(s): 8080 (http)
2024-04-19 16:36:05,429 INFO  [main] org.apache.catalina.core.StandardService.log.173 : Starting service [Tomcat]
2024-04-19 16:36:05,430 INFO  [main] org.apache.catalina.core.StandardEngine.log.173 : Starting Servlet engine: [Apache Tomcat/9.0.48]
2024-04-19 16:36:05,551 INFO  [main] org.apache.catalina.core.ContainerBase.[Tomcat].[localhost].[/].log.173 : Initializing Spring embedded WebApplicationContext
2024-04-19 16:36:05,552 INFO  [main] org.springframework.boot.web.servlet.context.ServletWebServerApplicationContext.prepareWebApplicationContext.290 : Root WebApplicationContext: initialization completed in 2338 ms
2024-04-19 16:36:05,605 INFO  [main] com.zaxxer.hikari.HikariDataSource.getConnection.110 : HikariPool-1 - Starting...
2024-04-19 16:36:05,893 INFO  [main] com.zaxxer.hikari.HikariDataSource.getConnection.123 : HikariPool-1 - Start completed.
2024-04-19 16:36:05,900 INFO  [main] org.springframework.boot.autoconfigure.h2.H2ConsoleAutoConfiguration.lambda$h2Console$0.68 : H2 console available at '/h2-console'. Database available at 'jdbc:h2:mem:ganeshdb'
2024-04-19 16:36:06,218 INFO  [main] org.hibernate.jpa.internal.util.LogHelper.logPersistenceUnitInformation.31 : HHH000204: Processing PersistenceUnitInfo [name: default]
2024-04-19 16:36:06,293 INFO  [main] org.hibernate.Version.logVersion.44 : HHH000412: Hibernate ORM core version 5.4.32.Final
2024-04-19 16:36:06,511 INFO  [main] org.hibernate.annotations.common.Version.<clinit>.56 : HCANN000001: Hibernate Commons Annotations {5.1.2.Final}
2024-04-19 16:36:06,658 INFO  [main] org.hibernate.dialect.Dialect.<init>.175 : HHH000400: Using dialect: org.hibernate.dialect.H2Dialect
2024-04-19 16:36:07,333 INFO  [main] org.hibernate.engine.transaction.jta.platform.internal.JtaPlatformInitiator.initiateService.52 : HHH000490: Using JtaPlatform implementation: [org.hibernate.engine.transaction.jta.platform.internal.NoJtaPlatform]
2024-04-19 16:36:07,343 INFO  [main] org.springframework.orm.jpa.LocalContainerEntityManagerFactoryBean.buildNativeEntityManagerFactory.437 : Initialized JPA EntityManagerFactory for persistence unit 'default'
2024-04-19 16:36:07,948 WARN  [main] org.springframework.boot.autoconfigure.orm.jpa.JpaBaseConfiguration$JpaWebConfiguration.openEntityManagerInViewInterceptor.219 : spring.jpa.open-in-view is enabled by default. Therefore, database queries may be performed during view rendering. Explicitly configure spring.jpa.open-in-view to disable this warning
2024-04-19 16:36:08,363 INFO  [main] org.springframework.boot.web.embedded.tomcat.TomcatWebServer.start.220 : Tomcat started on port(s): 8080 (http) with context path ''
2024-04-19 16:36:08,377 INFO  [main] home.practice.spring.BookController.logStarted.61 : Started BookController in 5.939 seconds (JVM running for 6.663)
2024-04-19 16:36:30,345 INFO  [http-nio-8080-exec-2] org.apache.catalina.core.ContainerBase.[Tomcat].[localhost].[/].log.173 : Initializing Spring DispatcherServlet 'dispatcherServlet'
2024-04-19 16:36:30,345 INFO  [http-nio-8080-exec-2] org.springframework.web.servlet.DispatcherServlet.initServletBean.525 : Initializing Servlet 'dispatcherServlet'
2024-04-19 16:36:30,347 INFO  [http-nio-8080-exec-2] org.springframework.web.servlet.DispatcherServlet.initServletBean.547 : Completed initialization in 0 ms
2024-04-19 16:36:30,573 INFO  [http-nio-8080-exec-2] home.practice.spring.BookController.saveBook.56 : book: Book(id=null, bookNumber=1, bookName=java sparing boot, autherName=abc, isbnNumber=3456789, price=null)
2024-04-19 16:36:30,647 INFO  [http-nio-8080-exec-2] home.practice.spring.BookController.saveBook.59 : Book is saved :Book(id=1, bookNumber=1, bookName=java sparing boot, autherName=abc, isbnNumber=3456789, price=null) 
2024-04-19 16:37:45,556 INFO  [http-nio-8080-exec-5] home.practice.spring.BookController.saveBook.56 : book: Book(id=null, bookNumber=2, bookName=java sparing boot2, autherName=abc2, isbnNumber=3456789898, price=null)
2024-04-19 16:37:45,560 INFO  [http-nio-8080-exec-5] home.practice.spring.BookController.saveBook.59 : Book is saved :Book(id=2, bookNumber=2, bookName=java sparing boot2, autherName=abc2, isbnNumber=3456789898, price=null) 
2024-04-19 16:38:49,398 WARN  [http-nio-8080-exec-8] org.springframework.web.servlet.mvc.support.DefaultHandlerExceptionResolver.logException.207 : Resolved [org.springframework.web.bind.MissingServletRequestParameterException: Required request parameter 'id' for method parameter type Long is not present]
2024-04-19 16:39:01,667 WARN  [http-nio-8080-exec-10] org.springframework.web.servlet.mvc.support.DefaultHandlerExceptionResolver.logException.207 : Resolved [org.springframework.web.bind.MissingServletRequestParameterException: Required request parameter 'id' for method parameter type Long is not present]
2024-04-19 16:39:54,499 INFO  [http-nio-8080-exec-2] home.practice.spring.BookController.findByAutherName.40 :  auther-name: autherName-3
2024-04-19 16:40:10,509 WARN  [http-nio-8080-exec-3] org.springframework.web.servlet.mvc.support.DefaultHandlerExceptionResolver.logException.207 : Resolved [org.springframework.web.bind.MissingServletRequestParameterException: Required request parameter 'id' for method parameter type Long is not present]
2024-04-19 16:40:42,487 INFO  [http-nio-8080-exec-5] home.practice.spring.BookController.findByAutherName.40 :  auther-name: autherName-3
2024-04-19 16:41:47,279 INFO  [SpringApplicationShutdownHook] org.springframework.orm.jpa.LocalContainerEntityManagerFactoryBean.destroy.651 : Closing JPA EntityManagerFactory for persistence unit 'default'
2024-04-19 16:41:47,280 INFO  [SpringApplicationShutdownHook] org.hibernate.tool.schema.internal.SchemaDropperImpl$DelayedDropActionImpl.perform.526 : HHH000477: Starting delayed evictData of schema as part of SessionFactory shut-down'
2024-04-19 16:41:47,287 INFO  [SpringApplicationShutdownHook] com.zaxxer.hikari.HikariDataSource.close.350 : HikariPool-1 - Shutdown initiated...
2024-04-19 16:41:47,294 INFO  [SpringApplicationShutdownHook] com.zaxxer.hikari.HikariDataSource.close.352 : HikariPool-1 - Shutdown completed.
2024-04-19 16:41:50,039 INFO  [main] home.practice.spring.BookController.logStarting.55 : Starting BookController using Java 1.8.0_202 on LAPTOP-LO0BGQ4H with PID 20964 (C:\Java-projects\spring-boot-library-poject\target\classes started by LENOVO in C:\Java-projects\spring-boot-library-poject)
2024-04-19 16:41:50,044 INFO  [main] home.practice.spring.BookController.logStartupProfileInfo.659 : No active profile set, falling back to default profiles: default
2024-04-19 16:41:51,158 INFO  [main] org.springframework.data.repository.config.RepositoryConfigurationDelegate.registerRepositoriesIn.132 : Bootstrapping Spring Data JPA repositories in DEFAULT mode.
2024-04-19 16:41:51,227 INFO  [main] org.springframework.data.repository.config.RepositoryConfigurationDelegate.registerRepositoriesIn.201 : Finished Spring Data repository scanning in 60 ms. Found 3 JPA repository interfaces.
2024-04-19 16:41:52,080 INFO  [main] org.springframework.boot.web.embedded.tomcat.TomcatWebServer.initialize.108 : Tomcat initialized with port(s): 8080 (http)
2024-04-19 16:41:52,092 INFO  [main] org.apache.catalina.core.StandardService.log.173 : Starting service [Tomcat]
2024-04-19 16:41:52,093 INFO  [main] org.apache.catalina.core.StandardEngine.log.173 : Starting Servlet engine: [Apache Tomcat/9.0.48]
2024-04-19 16:41:52,193 INFO  [main] org.apache.catalina.core.ContainerBase.[Tomcat].[localhost].[/].log.173 : Initializing Spring embedded WebApplicationContext
2024-04-19 16:41:52,194 INFO  [main] org.springframework.boot.web.servlet.context.ServletWebServerApplicationContext.prepareWebApplicationContext.290 : Root WebApplicationContext: initialization completed in 2078 ms
2024-04-19 16:41:52,237 INFO  [main] com.zaxxer.hikari.HikariDataSource.getConnection.110 : HikariPool-1 - Starting...
2024-04-19 16:41:52,459 INFO  [main] com.zaxxer.hikari.HikariDataSource.getConnection.123 : HikariPool-1 - Start completed.
2024-04-19 16:41:52,467 INFO  [main] org.springframework.boot.autoconfigure.h2.H2ConsoleAutoConfiguration.lambda$h2Console$0.68 : H2 console available at '/h2-console'. Database available at 'jdbc:h2:mem:ganeshdb'
2024-04-19 16:41:52,769 INFO  [main] org.hibernate.jpa.internal.util.LogHelper.logPersistenceUnitInformation.31 : HHH000204: Processing PersistenceUnitInfo [name: default]
2024-04-19 16:41:52,831 INFO  [main] org.hibernate.Version.logVersion.44 : HHH000412: Hibernate ORM core version 5.4.32.Final
2024-04-19 16:41:52,975 INFO  [main] org.hibernate.annotations.common.Version.<clinit>.56 : HCANN000001: Hibernate Commons Annotations {5.1.2.Final}
2024-04-19 16:41:53,107 INFO  [main] org.hibernate.dialect.Dialect.<init>.175 : HHH000400: Using dialect: org.hibernate.dialect.H2Dialect
2024-04-19 16:41:53,759 INFO  [main] org.hibernate.engine.transaction.jta.platform.internal.JtaPlatformInitiator.initiateService.52 : HHH000490: Using JtaPlatform implementation: [org.hibernate.engine.transaction.jta.platform.internal.NoJtaPlatform]
2024-04-19 16:41:53,766 INFO  [main] org.springframework.orm.jpa.LocalContainerEntityManagerFactoryBean.buildNativeEntityManagerFactory.437 : Initialized JPA EntityManagerFactory for persistence unit 'default'
2024-04-19 16:41:54,393 WARN  [main] org.springframework.boot.autoconfigure.orm.jpa.JpaBaseConfiguration$JpaWebConfiguration.openEntityManagerInViewInterceptor.219 : spring.jpa.open-in-view is enabled by default. Therefore, database queries may be performed during view rendering. Explicitly configure spring.jpa.open-in-view to disable this warning
2024-04-19 16:41:54,855 INFO  [main] org.springframework.boot.web.embedded.tomcat.TomcatWebServer.start.220 : Tomcat started on port(s): 8080 (http) with context path ''
2024-04-19 16:41:54,867 INFO  [main] home.practice.spring.BookController.logStarted.61 : Started BookController in 5.446 seconds (JVM running for 5.963)
2024-04-19 16:46:42,783 INFO  [http-nio-8080-exec-1] org.apache.catalina.core.ContainerBase.[Tomcat].[localhost].[/].log.173 : Initializing Spring DispatcherServlet 'dispatcherServlet'
2024-04-19 16:46:42,784 INFO  [http-nio-8080-exec-1] org.springframework.web.servlet.DispatcherServlet.initServletBean.525 : Initializing Servlet 'dispatcherServlet'
2024-04-19 16:46:42,785 INFO  [http-nio-8080-exec-1] org.springframework.web.servlet.DispatcherServlet.initServletBean.547 : Completed initialization in 1 ms
2024-04-19 16:46:43,059 INFO  [http-nio-8080-exec-1] home.practice.spring.BookController.saveBook.56 : book: Book(id=null, bookNumber=1, bookName=bookNume, autherName=auther1, isbnNumber=null, price=null)
2024-04-19 16:46:43,154 INFO  [http-nio-8080-exec-1] home.practice.spring.BookController.saveBook.59 : Book is saved :Book(id=1, bookNumber=1, bookName=bookNume, autherName=auther1, isbnNumber=null, price=null) 
2024-04-19 16:47:02,442 INFO  [http-nio-8080-exec-3] home.practice.spring.BookController.saveBook.56 : book: Book(id=null, bookNumber=2, bookName=bookNume2, autherName=auther2, isbnNumber=null, price=null)
2024-04-19 16:47:02,449 INFO  [http-nio-8080-exec-3] home.practice.spring.BookController.saveBook.59 : Book is saved :Book(id=2, bookNumber=2, bookName=bookNume2, autherName=auther2, isbnNumber=null, price=null) 
2024-04-19 16:48:20,918 WARN  [http-nio-8080-exec-6] org.springframework.web.servlet.mvc.support.DefaultHandlerExceptionResolver.logException.207 : Resolved [org.springframework.web.HttpRequestMethodNotSupportedException: Request method 'GET' not supported]
2024-04-19 16:49:57,011 INFO  [http-nio-8080-exec-9] home.practice.spring.BookController.deleteByBookName.73 : Delete Book -name:
2024-04-19 17:11:13,929 WARN  [HikariPool-1 housekeeper] com.zaxxer.hikari.pool.HikariPool.run.788 : HikariPool-1 - Thread starvation or clock leap detected (housekeeper delta=20m21s215ms54µs400ns).
2024-04-19 18:17:15,025 INFO  [SpringApplicationShutdownHook] org.springframework.orm.jpa.LocalContainerEntityManagerFactoryBean.destroy.651 : Closing JPA EntityManagerFactory for persistence unit 'default'
2024-04-19 18:17:15,053 INFO  [SpringApplicationShutdownHook] org.hibernate.tool.schema.internal.SchemaDropperImpl$DelayedDropActionImpl.perform.526 : HHH000477: Starting delayed evictData of schema as part of SessionFactory shut-down'
2024-04-19 18:17:15,095 INFO  [SpringApplicationShutdownHook] com.zaxxer.hikari.HikariDataSource.close.350 : HikariPool-1 - Shutdown initiated...
2024-04-19 18:17:15,116 INFO  [SpringApplicationShutdownHook] com.zaxxer.hikari.HikariDataSource.close.352 : HikariPool-1 - Shutdown completed.
2024-04-19 18:41:34,964 INFO  [main] home.practice.spring.BookController.logStarting.55 : Starting BookController using Java 1.8.0_202 on LAPTOP-LO0BGQ4H with PID 10196 (C:\Java-projects\spring-boot-library-poject\target\classes started by LENOVO in C:\Java-projects\spring-boot-library-poject)
2024-04-19 18:41:34,970 INFO  [main] home.practice.spring.BookController.logStartupProfileInfo.659 : No active profile set, falling back to default profiles: default
2024-04-19 18:41:36,104 INFO  [main] org.springframework.data.repository.config.RepositoryConfigurationDelegate.registerRepositoriesIn.132 : Bootstrapping Spring Data JPA repositories in DEFAULT mode.
2024-04-19 18:41:36,238 INFO  [main] org.springframework.data.repository.config.RepositoryConfigurationDelegate.registerRepositoriesIn.201 : Finished Spring Data repository scanning in 115 ms. Found 3 JPA repository interfaces.
2024-04-19 18:41:37,395 INFO  [main] org.springframework.boot.web.embedded.tomcat.TomcatWebServer.initialize.108 : Tomcat initialized with port(s): 8080 (http)
2024-04-19 18:41:37,408 INFO  [main] org.apache.catalina.core.StandardService.log.173 : Starting service [Tomcat]
2024-04-19 18:41:37,408 INFO  [main] org.apache.catalina.core.StandardEngine.log.173 : Starting Servlet engine: [Apache Tomcat/9.0.48]
2024-04-19 18:41:37,522 INFO  [main] org.apache.catalina.core.ContainerBase.[Tomcat].[localhost].[/].log.173 : Initializing Spring embedded WebApplicationContext
2024-04-19 18:41:37,523 INFO  [main] org.springframework.boot.web.servlet.context.ServletWebServerApplicationContext.prepareWebApplicationContext.290 : Root WebApplicationContext: initialization completed in 2448 ms
2024-04-19 18:41:37,566 INFO  [main] com.zaxxer.hikari.HikariDataSource.getConnection.110 : HikariPool-1 - Starting...
2024-04-19 18:41:37,835 INFO  [main] com.zaxxer.hikari.HikariDataSource.getConnection.123 : HikariPool-1 - Start completed.
2024-04-19 18:41:37,845 INFO  [main] org.springframework.boot.autoconfigure.h2.H2ConsoleAutoConfiguration.lambda$h2Console$0.68 : H2 console available at '/h2-console'. Database available at 'jdbc:h2:mem:ganeshdb'
2024-04-19 18:41:38,261 INFO  [main] org.hibernate.jpa.internal.util.LogHelper.logPersistenceUnitInformation.31 : HHH000204: Processing PersistenceUnitInfo [name: default]
2024-04-19 18:41:38,352 INFO  [main] org.hibernate.Version.logVersion.44 : HHH000412: Hibernate ORM core version 5.4.32.Final
2024-04-19 18:41:38,548 INFO  [main] org.hibernate.annotations.common.Version.<clinit>.56 : HCANN000001: Hibernate Commons Annotations {5.1.2.Final}
2024-04-19 18:41:38,701 INFO  [main] org.hibernate.dialect.Dialect.<init>.175 : HHH000400: Using dialect: org.hibernate.dialect.H2Dialect
2024-04-19 18:41:39,452 INFO  [main] org.hibernate.engine.transaction.jta.platform.internal.JtaPlatformInitiator.initiateService.52 : HHH000490: Using JtaPlatform implementation: [org.hibernate.engine.transaction.jta.platform.internal.NoJtaPlatform]
2024-04-19 18:41:39,466 INFO  [main] org.springframework.orm.jpa.LocalContainerEntityManagerFactoryBean.buildNativeEntityManagerFactory.437 : Initialized JPA EntityManagerFactory for persistence unit 'default'
2024-04-19 18:41:40,175 WARN  [main] org.springframework.boot.autoconfigure.orm.jpa.JpaBaseConfiguration$JpaWebConfiguration.openEntityManagerInViewInterceptor.219 : spring.jpa.open-in-view is enabled by default. Therefore, database queries may be performed during view rendering. Explicitly configure spring.jpa.open-in-view to disable this warning
2024-04-19 18:41:40,646 INFO  [main] org.springframework.boot.web.embedded.tomcat.TomcatWebServer.start.220 : Tomcat started on port(s): 8080 (http) with context path ''
2024-04-19 18:41:40,660 INFO  [main] home.practice.spring.BookController.logStarted.61 : Started BookController in 6.472 seconds (JVM running for 7.188)
2024-04-19 18:42:03,481 INFO  [http-nio-8080-exec-2] org.apache.catalina.core.ContainerBase.[Tomcat].[localhost].[/].log.173 : Initializing Spring DispatcherServlet 'dispatcherServlet'
2024-04-19 18:42:03,482 INFO  [http-nio-8080-exec-2] org.springframework.web.servlet.DispatcherServlet.initServletBean.525 : Initializing Servlet 'dispatcherServlet'
2024-04-19 18:42:03,486 INFO  [http-nio-8080-exec-2] org.springframework.web.servlet.DispatcherServlet.initServletBean.547 : Completed initialization in 4 ms
2024-04-19 18:42:04,025 INFO  [http-nio-8080-exec-2] home.practice.spring.BookController.saveBook.49 : book: Book(id=null, bookNumber=2, bookName=bookNume2, autherName=auther2, isbnNumber=null, price=null)
2024-04-19 18:42:04,202 INFO  [http-nio-8080-exec-2] home.practice.spring.BookController.saveBook.52 : Book is saved :Book(id=1, bookNumber=2, bookName=bookNume2, autherName=auther2, isbnNumber=null, price=null) 
2024-04-19 18:42:05,993 INFO  [http-nio-8080-exec-3] home.practice.spring.BookController.saveBook.49 : book: Book(id=null, bookNumber=2, bookName=bookNume2, autherName=auther2, isbnNumber=null, price=null)
2024-04-19 18:42:05,999 INFO  [http-nio-8080-exec-3] home.practice.spring.BookController.saveBook.52 : Book is saved :Book(id=2, bookNumber=2, bookName=bookNume2, autherName=auther2, isbnNumber=null, price=null) 
2024-04-19 18:42:47,330 INFO  [http-nio-8080-exec-5] home.practice.spring.BookController.saveBook.49 : book: Book(id=null, bookNumber=2, bookName=bookNume2, autherName=auther2, isbnNumber=null, price=null)
2024-04-19 18:42:47,334 INFO  [http-nio-8080-exec-5] home.practice.spring.BookController.saveBook.52 : Book is saved :Book(id=3, bookNumber=2, bookName=bookNume2, autherName=auther2, isbnNumber=null, price=null) 
2024-04-19 18:42:48,677 INFO  [http-nio-8080-exec-6] home.practice.spring.BookController.saveBook.49 : book: Book(id=null, bookNumber=2, bookName=bookNume2, autherName=auther2, isbnNumber=null, price=null)
2024-04-19 18:42:48,681 INFO  [http-nio-8080-exec-6] home.practice.spring.BookController.saveBook.52 : Book is saved :Book(id=4, bookNumber=2, bookName=bookNume2, autherName=auther2, isbnNumber=null, price=null) 
2024-04-19 18:43:00,753 INFO  [http-nio-8080-exec-7] home.practice.spring.service.StudentService.getBookById.26 : Book from database:[FAILED toString()]
2024-04-19 18:43:00,774 WARN  [http-nio-8080-exec-7] org.springframework.web.servlet.mvc.support.DefaultHandlerExceptionResolver.logException.207 : Resolved [org.springframework.http.converter.HttpMessageNotWritableException: Could not write JSON: Unable to find home.practice.spring.domain.Book with id 2; nested exception is com.fasterxml.jackson.databind.JsonMappingException: Unable to find home.practice.spring.domain.Book with id 2 (through reference chain: home.practice.spring.domain.Book$HibernateProxy$dZ5xtgBU["id"])]
2024-04-19 18:46:20,367 INFO  [http-nio-8080-exec-9] home.practice.spring.BookController.getBookByBookName.28 : Book-name: bookNume2
2024-04-19 18:46:20,877 ERROR [http-nio-8080-exec-9] org.apache.catalina.core.ContainerBase.[Tomcat].[localhost].[/].[dispatcherServlet].log.175 : Servlet.service() for servlet [dispatcherServlet] in context with path [] threw exception [Request processing failed; nested exception is org.springframework.dao.IncorrectResultSizeDataAccessException: query did not return a unique result: 3; nested exception is javax.persistence.NonUniqueResultException: query did not return a unique result: 3] with root cause
javax.persistence.NonUniqueResultException: query did not return a unique result: 3
	at org.hibernate.internal.ExceptionConverterImpl.convert(ExceptionConverterImpl.java:128)
	at org.hibernate.query.internal.AbstractProducedQuery.getSingleResult(AbstractProducedQuery.java:1659)
	at org.hibernate.query.criteria.internal.compile.CriteriaQueryTypeQueryAdapter.getSingleResult(CriteriaQueryTypeQueryAdapter.java:111)
	at org.springframework.data.jpa.repository.query.JpaQueryExecution$SingleEntityExecution.doExecute(JpaQueryExecution.java:196)
	at org.springframework.data.jpa.repository.query.JpaQueryExecution.execute(JpaQueryExecution.java:88)
	at org.springframework.data.jpa.repository.query.AbstractJpaQuery.doExecute(AbstractJpaQuery.java:155)
	at org.springframework.data.jpa.repository.query.AbstractJpaQuery.execute(AbstractJpaQuery.java:143)
	at org.springframework.data.repository.core.support.RepositoryMethodInvoker.doInvoke(RepositoryMethodInvoker.java:137)
	at org.springframework.data.repository.core.support.RepositoryMethodInvoker.invoke(RepositoryMethodInvoker.java:121)
	at org.springframework.data.repository.core.support.QueryExecutorMethodInterceptor.doInvoke(QueryExecutorMethodInterceptor.java:159)
	at org.springframework.data.repository.core.support.QueryExecutorMethodInterceptor.invoke(QueryExecutorMethodInterceptor.java:138)
	at org.springframework.aop.framework.ReflectiveMethodInvocation.proceed(ReflectiveMethodInvocation.java:186)
	at org.springframework.data.projection.DefaultMethodInvokingMethodInterceptor.invoke(DefaultMethodInvokingMethodInterceptor.java:80)
	at org.springframework.aop.framework.ReflectiveMethodInvocation.proceed(ReflectiveMethodInvocation.java:186)
	at org.springframework.transaction.interceptor.TransactionInterceptor$1.proceedWithInvocation(TransactionInterceptor.java:123)
	at org.springframework.transaction.interceptor.TransactionAspectSupport.invokeWithinTransaction(TransactionAspectSupport.java:388)
	at org.springframework.transaction.interceptor.TransactionInterceptor.invoke(TransactionInterceptor.java:119)
	at org.springframework.aop.framework.ReflectiveMethodInvocation.proceed(ReflectiveMethodInvocation.java:186)
	at org.springframework.dao.support.PersistenceExceptionTranslationInterceptor.invoke(PersistenceExceptionTranslationInterceptor.java:137)
	at org.springframework.aop.framework.ReflectiveMethodInvocation.proceed(ReflectiveMethodInvocation.java:186)
	at org.springframework.data.jpa.repository.support.CrudMethodMetadataPostProcessor$CrudMethodMetadataPopulatingMethodInterceptor.invoke(CrudMethodMetadataPostProcessor.java:145)
	at org.springframework.aop.framework.ReflectiveMethodInvocation.proceed(ReflectiveMethodInvocation.java:186)
	at org.springframework.aop.interceptor.ExposeInvocationInterceptor.invoke(ExposeInvocationInterceptor.java:97)
	at org.springframework.aop.framework.ReflectiveMethodInvocation.proceed(ReflectiveMethodInvocation.java:186)
	at org.springframework.aop.framework.JdkDynamicAopProxy.invoke(JdkDynamicAopProxy.java:215)
	at com.sun.proxy.$Proxy81.findByBookName(Unknown Source)
	at home.practice.spring.service.BookService.getBookByBookName(BookService.java:39)
	at home.practice.spring.service.BookService$$FastClassBySpringCGLIB$$6b3f5f56.invoke(<generated>)
	at org.springframework.cglib.proxy.MethodProxy.invoke(MethodProxy.java:218)
	at org.springframework.aop.framework.CglibAopProxy$DynamicAdvisedInterceptor.intercept(CglibAopProxy.java:688)
	at home.practice.spring.service.BookService$$EnhancerBySpringCGLIB$$9b0e1cd8.getBookByBookName(<generated>)
	at home.practice.spring.BookController.getBookByBookName(BookController.java:29)
	at sun.reflect.NativeMethodAccessorImpl.invoke0(Native Method)
	at sun.reflect.NativeMethodAccessorImpl.invoke(NativeMethodAccessorImpl.java:62)
	at sun.reflect.DelegatingMethodAccessorImpl.invoke(DelegatingMethodAccessorImpl.java:43)
	at java.lang.reflect.Method.invoke(Method.java:498)
	at org.springframework.web.method.support.InvocableHandlerMethod.doInvoke(InvocableHandlerMethod.java:197)
	at org.springframework.web.method.support.InvocableHandlerMethod.invokeForRequest(InvocableHandlerMethod.java:141)
	at org.springframework.web.servlet.mvc.method.annotation.ServletInvocableHandlerMethod.invokeAndHandle(ServletInvocableHandlerMethod.java:106)
	at org.springframework.web.servlet.mvc.method.annotation.RequestMappingHandlerAdapter.invokeHandlerMethod(RequestMappingHandlerAdapter.java:894)
	at org.springframework.web.servlet.mvc.method.annotation.RequestMappingHandlerAdapter.handleInternal(RequestMappingHandlerAdapter.java:808)
	at org.springframework.web.servlet.mvc.method.AbstractHandlerMethodAdapter.handle(AbstractHandlerMethodAdapter.java:87)
	at org.springframework.web.servlet.DispatcherServlet.doDispatch(DispatcherServlet.java:1063)
	at org.springframework.web.servlet.DispatcherServlet.doService(DispatcherServlet.java:963)
	at org.springframework.web.servlet.FrameworkServlet.processRequest(FrameworkServlet.java:1006)
	at org.springframework.web.servlet.FrameworkServlet.doGet(FrameworkServlet.java:898)
	at javax.servlet.http.HttpServlet.service(HttpServlet.java:655)
	at org.springframework.web.servlet.FrameworkServlet.service(FrameworkServlet.java:883)
	at javax.servlet.http.HttpServlet.service(HttpServlet.java:764)
	at org.apache.catalina.core.ApplicationFilterChain.internalDoFilter(ApplicationFilterChain.java:228)
	at org.apache.catalina.core.ApplicationFilterChain.doFilter(ApplicationFilterChain.java:163)
	at org.apache.tomcat.websocket.server.WsFilter.doFilter(WsFilter.java:53)
	at org.apache.catalina.core.ApplicationFilterChain.internalDoFilter(ApplicationFilterChain.java:190)
	at org.apache.catalina.core.ApplicationFilterChain.doFilter(ApplicationFilterChain.java:163)
	at org.springframework.web.filter.RequestContextFilter.doFilterInternal(RequestContextFilter.java:100)
	at org.springframework.web.filter.OncePerRequestFilter.doFilter(OncePerRequestFilter.java:119)
	at org.apache.catalina.core.ApplicationFilterChain.internalDoFilter(ApplicationFilterChain.java:190)
	at org.apache.catalina.core.ApplicationFilterChain.doFilter(ApplicationFilterChain.java:163)
	at org.springframework.web.filter.FormContentFilter.doFilterInternal(FormContentFilter.java:93)
	at org.springframework.web.filter.OncePerRequestFilter.doFilter(OncePerRequestFilter.java:119)
	at org.apache.catalina.core.ApplicationFilterChain.internalDoFilter(ApplicationFilterChain.java:190)
	at org.apache.catalina.core.ApplicationFilterChain.doFilter(ApplicationFilterChain.java:163)
	at org.springframework.web.filter.CharacterEncodingFilter.doFilterInternal(CharacterEncodingFilter.java:201)
	at org.springframework.web.filter.OncePerRequestFilter.doFilter(OncePerRequestFilter.java:119)
	at org.apache.catalina.core.ApplicationFilterChain.internalDoFilter(ApplicationFilterChain.java:190)
	at org.apache.catalina.core.ApplicationFilterChain.doFilter(ApplicationFilterChain.java:163)
	at org.apache.catalina.core.StandardWrapperValve.invoke(StandardWrapperValve.java:202)
	at org.apache.catalina.core.StandardContextValve.invoke(StandardContextValve.java:97)
	at org.apache.catalina.authenticator.AuthenticatorBase.invoke(AuthenticatorBase.java:542)
	at org.apache.catalina.core.StandardHostValve.invoke(StandardHostValve.java:143)
	at org.apache.catalina.valves.ErrorReportValve.invoke(ErrorReportValve.java:92)
	at org.apache.catalina.core.StandardEngineValve.invoke(StandardEngineValve.java:78)
	at org.apache.catalina.connector.CoyoteAdapter.service(CoyoteAdapter.java:357)
	at org.apache.coyote.http11.Http11Processor.service(Http11Processor.java:382)
	at org.apache.coyote.AbstractProcessorLight.process(AbstractProcessorLight.java:65)
	at org.apache.coyote.AbstractProtocol$ConnectionHandler.process(AbstractProtocol.java:893)
	at org.apache.tomcat.util.net.NioEndpoint$SocketProcessor.doRun(NioEndpoint.java:1723)
	at org.apache.tomcat.util.net.SocketProcessorBase.run(SocketProcessorBase.java:49)
	at java.util.concurrent.ThreadPoolExecutor.runWorker(ThreadPoolExecutor.java:1149)
	at java.util.concurrent.ThreadPoolExecutor$Worker.run(ThreadPoolExecutor.java:624)
	at org.apache.tomcat.util.threads.TaskThread$WrappingRunnable.run(TaskThread.java:61)
	at java.lang.Thread.run(Thread.java:748)
2024-04-19 18:48:43,636 INFO  [http-nio-8080-exec-1] home.practice.spring.service.StudentService.getBookById.26 : Book from database:[FAILED toString()]
2024-04-19 18:48:43,642 WARN  [http-nio-8080-exec-1] org.springframework.web.servlet.mvc.support.DefaultHandlerExceptionResolver.logException.207 : Resolved [org.springframework.http.converter.HttpMessageNotWritableException: Could not write JSON: Unable to find home.practice.spring.domain.Book with id 2; nested exception is com.fasterxml.jackson.databind.JsonMappingException: Unable to find home.practice.spring.domain.Book with id 2 (through reference chain: home.practice.spring.domain.Book$HibernateProxy$dZ5xtgBU["id"])]
2024-04-19 18:49:13,481 INFO  [http-nio-8080-exec-3] home.practice.spring.service.StudentService.getBookById.26 : Book from database:Book(id=4, bookNumber=2, bookName=bookNume2, autherName=auther2, isbnNumber=null, price=null)
